  GameObject.cpp
C:\Users\thomas.wagner\Source\Repos\GameEngineFinal\Tungine\Tungine\RectangleCollider.h(34,54): warning C4244: 'argument': conversion from 'float' to 'int', possible loss of data
C:\Users\thomas.wagner\Source\Repos\GameEngineFinal\Tungine\Tungine\RectangleCollider.h(34,36): warning C4244: 'argument': conversion from 'float' to 'int', possible loss of data
C:\Users\thomas.wagner\Source\Repos\GameEngineFinal\Tungine\Tungine\RectangleCollider.h(35,33): warning C4244: 'argument': conversion from 'float' to 'int', possible loss of data
C:\Users\thomas.wagner\Source\Repos\GameEngineFinal\Tungine\Tungine\RectangleCollider.h(36,45): warning C4244: 'argument': conversion from 'float' to 'int', possible loss of data
C:\Users\thomas.wagner\Source\Repos\GameEngineFinal\Tungine\Tungine\RectangleCollider.h(64,54): warning C4244: 'argument': conversion from 'float' to 'int', possible loss of data
C:\Users\thomas.wagner\Source\Repos\GameEngineFinal\Tungine\Tungine\RectangleCollider.h(64,36): warning C4244: 'argument': conversion from 'float' to 'int', possible loss of data
C:\Users\thomas.wagner\Source\Repos\GameEngineFinal\Tungine\Tungine\RectangleCollider.h(65,33): warning C4244: 'argument': conversion from 'float' to 'int', possible loss of data
C:\Users\thomas.wagner\Source\Repos\GameEngineFinal\Tungine\Tungine\RectangleCollider.h(66,45): warning C4244: 'argument': conversion from 'float' to 'int', possible loss of data
C:\Users\thomas.wagner\Source\Repos\GameEngineFinal\Tungine\Tungine\GameObject.h(45,40): warning C4244: '=': conversion from 'int' to 'float', possible loss of data
C:\Users\thomas.wagner\Source\Repos\GameEngineFinal\Tungine\Tungine\GameObject.h(46,43): warning C4244: '=': conversion from 'int' to 'float', possible loss of data
C:\Users\thomas.wagner\Source\Repos\GameEngineFinal\Tungine\Tungine\GameObject.cpp(115,47): warning C4244: 'argument': conversion from 'float' to 'int', possible loss of data
C:\Users\thomas.wagner\Source\Repos\GameEngineFinal\Tungine\Tungine\GameObject.cpp(121,46): warning C4244: 'argument': conversion from 'float' to 'int', possible loss of data
  RectangleCollider.cpp
C:\Users\thomas.wagner\Source\Repos\GameEngineFinal\Tungine\Tungine\RectangleCollider.h(34,54): warning C4244: 'argument': conversion from 'float' to 'int', possible loss of data
C:\Users\thomas.wagner\Source\Repos\GameEngineFinal\Tungine\Tungine\RectangleCollider.h(34,36): warning C4244: 'argument': conversion from 'float' to 'int', possible loss of data
C:\Users\thomas.wagner\Source\Repos\GameEngineFinal\Tungine\Tungine\RectangleCollider.h(35,33): warning C4244: 'argument': conversion from 'float' to 'int', possible loss of data
C:\Users\thomas.wagner\Source\Repos\GameEngineFinal\Tungine\Tungine\RectangleCollider.h(36,45): warning C4244: 'argument': conversion from 'float' to 'int', possible loss of data
C:\Users\thomas.wagner\Source\Repos\GameEngineFinal\Tungine\Tungine\RectangleCollider.h(64,54): warning C4244: 'argument': conversion from 'float' to 'int', possible loss of data
C:\Users\thomas.wagner\Source\Repos\GameEngineFinal\Tungine\Tungine\RectangleCollider.h(64,36): warning C4244: 'argument': conversion from 'float' to 'int', possible loss of data
C:\Users\thomas.wagner\Source\Repos\GameEngineFinal\Tungine\Tungine\RectangleCollider.h(65,33): warning C4244: 'argument': conversion from 'float' to 'int', possible loss of data
C:\Users\thomas.wagner\Source\Repos\GameEngineFinal\Tungine\Tungine\RectangleCollider.h(66,45): warning C4244: 'argument': conversion from 'float' to 'int', possible loss of data
C:\Users\thomas.wagner\Source\Repos\GameEngineFinal\Tungine\Tungine\RectangleCollider.cpp(50,11): warning C4244: '=': conversion from 'int' to 'float', possible loss of data
C:\Users\thomas.wagner\Source\Repos\GameEngineFinal\Tungine\Tungine\RectangleCollider.cpp(51,69): warning C4244: 'argument': conversion from 'float' to 'int', possible loss of data
C:\Users\thomas.wagner\Source\Repos\GameEngineFinal\Tungine\Tungine\RectangleCollider.cpp(51,43): warning C4244: 'argument': conversion from 'float' to 'int', possible loss of data
C:\Users\thomas.wagner\Source\Repos\GameEngineFinal\Tungine\Tungine\RectangleCollider.cpp(52,60): warning C4244: 'argument': conversion from 'float' to 'int', possible loss of data
C:\Users\thomas.wagner\Source\Repos\GameEngineFinal\Tungine\Tungine\RectangleCollider.cpp(57,10): warning C4244: '=': conversion from 'int' to 'float', possible loss of data
C:\Users\thomas.wagner\Source\Repos\GameEngineFinal\Tungine\Tungine\RectangleCollider.cpp(58,69): warning C4244: 'argument': conversion from 'float' to 'int', possible loss of data
C:\Users\thomas.wagner\Source\Repos\GameEngineFinal\Tungine\Tungine\RectangleCollider.cpp(58,43): warning C4244: 'argument': conversion from 'float' to 'int', possible loss of data
C:\Users\thomas.wagner\Source\Repos\GameEngineFinal\Tungine\Tungine\RectangleCollider.cpp(59,40): warning C4244: 'argument': conversion from 'float' to 'int', possible loss of data
  World.cpp
C:\Users\thomas.wagner\Source\Repos\GameEngineFinal\Tungine\Tungine\RectangleCollider.h(34,54): warning C4244: 'argument': conversion from 'float' to 'int', possible loss of data
C:\Users\thomas.wagner\Source\Repos\GameEngineFinal\Tungine\Tungine\RectangleCollider.h(34,36): warning C4244: 'argument': conversion from 'float' to 'int', possible loss of data
C:\Users\thomas.wagner\Source\Repos\GameEngineFinal\Tungine\Tungine\RectangleCollider.h(35,33): warning C4244: 'argument': conversion from 'float' to 'int', possible loss of data
C:\Users\thomas.wagner\Source\Repos\GameEngineFinal\Tungine\Tungine\RectangleCollider.h(36,45): warning C4244: 'argument': conversion from 'float' to 'int', possible loss of data
C:\Users\thomas.wagner\Source\Repos\GameEngineFinal\Tungine\Tungine\RectangleCollider.h(64,54): warning C4244: 'argument': conversion from 'float' to 'int', possible loss of data
C:\Users\thomas.wagner\Source\Repos\GameEngineFinal\Tungine\Tungine\RectangleCollider.h(64,36): warning C4244: 'argument': conversion from 'float' to 'int', possible loss of data
C:\Users\thomas.wagner\Source\Repos\GameEngineFinal\Tungine\Tungine\RectangleCollider.h(65,33): warning C4244: 'argument': conversion from 'float' to 'int', possible loss of data
C:\Users\thomas.wagner\Source\Repos\GameEngineFinal\Tungine\Tungine\RectangleCollider.h(66,45): warning C4244: 'argument': conversion from 'float' to 'int', possible loss of data
C:\Users\thomas.wagner\Source\Repos\GameEngineFinal\Tungine\Tungine\GameObject.h(45,40): warning C4244: '=': conversion from 'int' to 'float', possible loss of data
C:\Users\thomas.wagner\Source\Repos\GameEngineFinal\Tungine\Tungine\GameObject.h(46,43): warning C4244: '=': conversion from 'int' to 'float', possible loss of data
  main.cpp
C:\Users\thomas.wagner\Source\Repos\GameEngineFinal\Tungine\Tungine\RectangleCollider.h(34,54): warning C4244: 'argument': conversion from 'float' to 'int', possible loss of data
C:\Users\thomas.wagner\Source\Repos\GameEngineFinal\Tungine\Tungine\RectangleCollider.h(34,36): warning C4244: 'argument': conversion from 'float' to 'int', possible loss of data
C:\Users\thomas.wagner\Source\Repos\GameEngineFinal\Tungine\Tungine\RectangleCollider.h(35,33): warning C4244: 'argument': conversion from 'float' to 'int', possible loss of data
C:\Users\thomas.wagner\Source\Repos\GameEngineFinal\Tungine\Tungine\RectangleCollider.h(36,45): warning C4244: 'argument': conversion from 'float' to 'int', possible loss of data
C:\Users\thomas.wagner\Source\Repos\GameEngineFinal\Tungine\Tungine\RectangleCollider.h(64,54): warning C4244: 'argument': conversion from 'float' to 'int', possible loss of data
C:\Users\thomas.wagner\Source\Repos\GameEngineFinal\Tungine\Tungine\RectangleCollider.h(64,36): warning C4244: 'argument': conversion from 'float' to 'int', possible loss of data
C:\Users\thomas.wagner\Source\Repos\GameEngineFinal\Tungine\Tungine\RectangleCollider.h(65,33): warning C4244: 'argument': conversion from 'float' to 'int', possible loss of data
C:\Users\thomas.wagner\Source\Repos\GameEngineFinal\Tungine\Tungine\RectangleCollider.h(66,45): warning C4244: 'argument': conversion from 'float' to 'int', possible loss of data
C:\Users\thomas.wagner\Source\Repos\GameEngineFinal\Tungine\Tungine\GameObject.h(45,40): warning C4244: '=': conversion from 'int' to 'float', possible loss of data
C:\Users\thomas.wagner\Source\Repos\GameEngineFinal\Tungine\Tungine\GameObject.h(46,43): warning C4244: '=': conversion from 'int' to 'float', possible loss of data
C:\Users\thomas.wagner\Source\Repos\GameEngineFinal\Tungine\Tungine\main.cpp(298,55): warning C4244: 'argument': conversion from 'int' to 'float', possible loss of data
C:\Users\thomas.wagner\Source\Repos\GameEngineFinal\Tungine\Tungine\main.cpp(299,56): warning C4244: 'argument': conversion from 'int' to 'float', possible loss of data
  Generating Code...
  Tungine.vcxproj -> C:\Users\thomas.wagner\Source\Repos\GameEngineFinal\Tungine\Tungine\x64\Debug\Tungine.exe
